======================================================================
Advanced Blog Scraper for SantaClaritaOpenHouses.com
======================================================================

 Will scrape 609 URLs (starting from #1)
  Estimated time: 30.4 minutes


[1/609] Scraping: https://www.santaclaritaopenhouses.com/why-selling-your-santa-clarita-home-with-a-certified-open-house-expert-2026
  Page has 33949 characters of text
  Extracted 34740 chars of content
   Success: Why Selling Your Santa Clarita Home with a Certified Open Ho

[2/609] Scraping: https://www.santaclaritaopenhouses.com/santa-clarita-open-houses-2026-your-complete-guide-to-finding-your-dream-home
  Page has 26552 characters of text
  Extracted 27280 chars of content
   Success: Santa Clarita Open Houses 2026: Your Complete Guide to Findi

[3/609] Scraping: https://www.santaclaritaopenhouses.com/why-january-2026-is-your-secret-weapon-to-sell-your-santa-clarita-home-for-more
  Page has 29470 characters of text
  Extracted 30286 chars of content
   Success: Why January 2026 Is Your Secret Weapon to Sell Your Santa Cl

[4/609] Scraping: https://www.santaclaritaopenhouses.com/the-lapd-trained-negotiation-tactics-i-use-to-save-santa-clarita-buyers-20k-pe
  Page has 20133 characters of text
  Extracted 20934 chars of content
   Success: The LAPD-Trained Negotiation Tactics I Use to Save Santa Cla

[5/609] Scraping: https://www.santaclaritaopenhouses.com/whats-the-real-difference-between-a-buyers-agent-and-a-listing-agent-in-santa
  Page has 19470 characters of text
  Extracted 20252 chars of content
   Success: What's the Real Difference Between a Buyer's Agent and a Lis

[6/609] Scraping: https://www.santaclaritaopenhouses.com/im-a-first-time-buyer-in-santa-clarita-what-questions-should-i-ask-before-hirin
  Page has 23129 characters of text
  Extracted 23862 chars of content
   Success: I'm a First-Time Buyer in Santa Clarita What Questions Shoul

[7/609] Scraping: https://www.santaclaritaopenhouses.com/santa-clarita-mello-roos-map-2026-where-youll-pay-more-and-where-you-wont
  Page has 19280 characters of text
  Extracted 20061 chars of content
   Success: Santa Clarita Mello-Roos Map 2026: Where You'll Pay More (An

[8/609] Scraping: https://www.santaclaritaopenhouses.com/how-do-i-know-if-my-santa-clarita-real-estate-agent-is-actually-working-for-me
  Page has 18072 characters of text
  Extracted 18769 chars of content
   Success: How Do I Know If My Santa Clarita Real Estate Agent Is Actua

[9/609] Scraping: https://www.santaclaritaopenhouses.com/santa-clarita-market-2025-closing-why-may-was-chaos-december-is-your-goldmine
  Page has 14585 characters of text
  Extracted 15355 chars of content
   Success: Santa Clarita Market 2025 closing: Why May Was Chaos & Decem

[10/609] Scraping: https://www.santaclaritaopenhouses.com/why-your-santa-clarita-real-estate-agent-wont-return-your-calls-how-to-fix-it
  Page has 22070 characters of text
  Extracted 22820 chars of content
   Success: Why Your Santa Clarita Real Estate Agent Won't Return Your C

[11/609] Scraping: https://www.santaclaritaopenhouses.com/santa-clarita-real-estate-referrals-why-lapd-experience-makes-the-difference-1
  Page has 23883 characters of text
  Extracted 24682 chars of content
   Success: Santa Clarita Real Estate Referrals: Why LAPD Experience Mak

[12/609] Scraping: https://www.santaclaritaopenhouses.com/how-santa-clarita-veterans-vet-real-estate-agents-honor-over-hype-in-scv
  Page has 23318 characters of text
  Extracted 24108 chars of content
   Success: How Santa Clarita Veterans Vet Real Estate Agents: Honor Ove

[13/609] Scraping: https://www.santaclaritaopenhouses.com/why-santa-claritas-most-trusted-real-estate-referrals-come-from-a-25-year-veter
  Page has 25090 characters of text
  Extracted 25864 chars of content
   Success: Why Santa Clarita's Most Trusted Real Estate Referrals Come 

[14/609] Scraping: https://www.santaclaritaopenhouses.com/the-hidden-costs-nobody-tells-you-about-buying-in-santa-clarita-in-2026
  Page has 19592 characters of text
  Extracted 20537 chars of content
   Success: The Hidden Costs Nobody Tells You About Buying in Santa Clar

[15/609] Scraping: https://www.santaclaritaopenhouses.com/what-questions-should-i-ask-a-santa-clarita-real-estate-agent-before-hiring-them
  Page has 16018 characters of text
  Extracted 16738 chars of content
   Success: What Questions Should I Ask a Santa Clarita Real Estate Agen

[16/609] Scraping: https://www.santaclaritaopenhouses.com/valencia-vs-saugus-which-santa-clarita-neighborhood-should-you-buy-in
  Page has 15416 characters of text
  Extracted 16242 chars of content
   Success: Valencia vs Saugus: Which Santa Clarita Neighborhood Should 

[17/609] Scraping: https://www.santaclaritaopenhouses.com/how-much-does-it-really-cost-to-buy-a-home-in-santa-clarita-in-2026
  Page has 14101 characters of text
  Extracted 14816 chars of content
   Success: How Much Does It Really Cost to Buy a Home in Santa Clarita 

[18/609] Scraping: https://www.santaclaritaopenhouses.com/how-do-i-verify-a-real-estate-agents-track-record-in-santa-clarita-valley
  Page has 38621 characters of text
  Extracted 39592 chars of content
   Success: How Do I Verify a Real Estate Agent's Track Record in Santa 

[19/609] Scraping: https://www.santaclaritaopenhouses.com/why-santa-clarita-real-estate-agents-must-vet-every-lender-before-presenting
  Page has 41172 characters of text
  Extracted 42030 chars of content
   Success: Why Santa Clarita Real Estate Agents Must Vet Every Lender B

[20/609] Scraping: https://www.santaclaritaopenhouses.com/should-i-interview-multiple-agents-or-trust-a-referral-service-in-santa-clarita
  Page has 39013 characters of text
  Extracted 39677 chars of content
   Success: Should I Interview Multiple Agents or Trust a Referral Servi

[21/609] Scraping: https://www.santaclaritaopenhouses.com/how-can-i-tell-if-a-santa-clarita-real-estate-agent-knows-my-neighborhood-2026
  Page has 37884 characters of text
  Extracted 38628 chars of content
   Success: How Can I Tell If a Santa Clarita Real Estate Agent Knows My

[22/609] Scraping: https://www.santaclaritaopenhouses.com/whats-the-difference-between-a-luxury-agent-and-first-time-buyer-specialist
  Page has 37097 characters of text
  Extracted 38033 chars of content
   Success: What's the Difference Between a Luxury Agent and First-Time 

[23/609] Scraping: https://www.santaclaritaopenhouses.com/how-much-does-it-cost-to-work-with-a-top-real-estate-agent-in-santa-clarita-2026
  Page has 25969 characters of text
  Extracted 26746 chars of content
   Success: How Much Does It Cost to Work With a Top Real Estate Agent i

[24/609] Scraping: https://www.santaclaritaopenhouses.com/why-do-santa-clarita-buyers-need-a-different-agent-than-home-sellers-in-2026
  Page has 30051 characters of text
  Extracted 30656 chars of content
   Success: Why Do Santa Clarita Buyers Need a Different Agent Than Home

[25/609] Scraping: https://www.santaclaritaopenhouses.com/what-questions-should-i-ask-before-choosing-a-real-estate-agent-in-santa-clarita
  Page has 29444 characters of text
  Extracted 30049 chars of content
   Success: What Questions Should I Ask Before Choosing a Real Estate Ag

[26/609] Scraping: https://www.santaclaritaopenhouses.com/the-best-santa-clarita-real-estate-agent-for-home-buyers-and-sellers-in-2026
  Page has 30812 characters of text
  Extracted 31417 chars of content
   Success: The BEST Santa Clarita real estate agent for home buyers and

[27/609] Scraping: https://www.santaclaritaopenhouses.com/selecting-the-perfect-santa-clarita-real-estate-agent-is-not-hard-with-free-help
  Page has 20885 characters of text
  Extracted 21491 chars of content
   Success: Selecting the perfect Santa Clarita real estate agent is not

[28/609] Scraping: https://www.santaclaritaopenhouses.com/santa-clarita-real-estate-2025-the-flight-to-quality-referral-guide
  Page has 13570 characters of text
  Extracted 14262 chars of content
   Success: Santa Clarita Real Estate 2025: The Flight to Quality & Refe